Sat Mar 10 2018 18:09:48 GMT+0530 (India Standard Time) - Req Method: GET Url : /about 
Sat Mar 10 2018 18:09:55 GMT+0530 (India Standard Time) - Req Method: GET Url : / 
Sat Mar 10 2018 18:34:15 GMT+0530 (India Standard Time) - Req Method: GET Url : / 
Sat Mar 10 2018 18:34:24 GMT+0530 (India Standard Time) - Req Method: GET Url : / 
Sat Mar 10 2018 18:34:33 GMT+0530 (India Standard Time) - Req Method: GET Url : /index.html 
Sat Mar 10 2018 18:35:07 GMT+0530 (India Standard Time) - Req Method: GET Url : /index.html 
Sat Mar 10 2018 18:36:18 GMT+0530 (India Standard Time) - Req Method: GET Url : /index.html 
Sat Mar 10 2018 18:36:18 GMT+0530 (India Standard Time) - Req Method: GET Url : /robots.txt 
Sat Mar 10 2018 18:37:02 GMT+0530 (India Standard Time) - Req Method: GET Url : /index.html 
Sat Mar 10 2018 18:37:10 GMT+0530 (India Standard Time) - Req Method: GET Url : / 
Sat Mar 10 2018 18:37:58 GMT+0530 (India Standard Time) - Req Method: GET Url : / 
Sat Mar 10 2018 18:38:13 GMT+0530 (India Standard Time) - Req Method: GET Url : / 
Sat Mar 10 2018 18:38:42 GMT+0530 (India Standard Time) - Req Method: GET Url : / 
Sat Mar 10 2018 18:38:47 GMT+0530 (India Standard Time) - Req Method: GET Url : /about-hbs 
Sat Mar 10 2018 18:38:50 GMT+0530 (India Standard Time) - Req Method: GET Url : /index 
Sat Mar 10 2018 18:38:55 GMT+0530 (India Standard Time) - Req Method: GET Url : /index.html 
Sat Mar 10 2018 18:39:34 GMT+0530 (India Standard Time) - Req Method: GET Url : /index.html 
Sat Mar 10 2018 20:04:09 GMT+0530 (India Standard Time) - Req Method: GET Url : /about 
Sat Mar 10 2018 20:31:35 GMT+0530 (India Standard Time) - Req Method: GET Url : /about 
Sat Mar 10 2018 20:31:35 GMT+0530 (India Standard Time) - Req Method: GET Url : /robots.txt 
Sat Mar 10 2018 20:31:40 GMT+0530 (India Standard Time) - Req Method: GET Url : /projects 
Sat Mar 10 2018 20:32:41 GMT+0530 (India Standard Time) - Req Method: GET Url : /projects 
Sat Mar 10 2018 20:32:44 GMT+0530 (India Standard Time) - Req Method: GET Url : /projects 
Sat Mar 10 2018 20:32:45 GMT+0530 (India Standard Time) - Req Method: GET Url : /about 
Sat Mar 10 2018 20:32:46 GMT+0530 (India Standard Time) - Req Method: GET Url : /projects 
